0 info it worked if it ends with ok
1 verbose cli [ 'D:\\node\\node.exe',
1 verbose cli   'D:\\node\\node_modules\\npm\\bin\\npm-cli.js',
1 verbose cli   'publish' ]
2 info using npm@2.14.4
3 info using node@v4.1.1
4 verbose publish [ '.' ]
5 silly cache add args [ '.', null ]
6 verbose cache add spec .
7 silly cache add parsed spec Result {
7 silly cache add   raw: '.',
7 silly cache add   scope: null,
7 silly cache add   name: null,
7 silly cache add   rawSpec: '.',
7 silly cache add   spec: 'C:\\Users\\maomao\\Desktop\\APMServ-v5.2.6\\APMServ5.2.6\\www\\htdocs\\nodejs\\nodejs-Demo\\demo-03\\model-04',
7 silly cache add   type: 'directory' }
8 verbose addLocalDirectory C:\Users\maomao\AppData\Roaming\npm-cache\censorify\1.0.0\package.tgz not in flight; packing
9 verbose tar pack [ 'C:\\Users\\maomao\\AppData\\Roaming\\npm-cache\\censorify\\1.0.0\\package.tgz',
9 verbose tar pack   'C:\\Users\\maomao\\Desktop\\APMServ-v5.2.6\\APMServ5.2.6\\www\\htdocs\\nodejs\\nodejs-Demo\\demo-03\\model-04' ]
10 verbose tarball C:\Users\maomao\AppData\Roaming\npm-cache\censorify\1.0.0\package.tgz
11 verbose folder C:\Users\maomao\Desktop\APMServ-v5.2.6\APMServ5.2.6\www\htdocs\nodejs\nodejs-Demo\demo-03\model-04
12 info prepublish censorify@1.0.0
13 verbose addLocalTarball adding from inside cache C:\Users\maomao\AppData\Roaming\npm-cache\censorify\1.0.0\package.tgz
14 silly cache afterAdd censorify@1.0.0
15 verbose afterAdd C:\Users\maomao\AppData\Roaming\npm-cache\censorify\1.0.0\package\package.json not in flight; writing
16 verbose afterAdd C:\Users\maomao\AppData\Roaming\npm-cache\censorify\1.0.0\package\package.json written
17 silly publish { name: 'censorify',
17 silly publish   version: '1.0.0',
17 silly publish   description: 'Censors words out of text',
17 silly publish   main: 'index.js',
17 silly publish   scripts: { test: 'make test' },
17 silly publish   repository:
17 silly publish    { type: 'git',
17 silly publish      url: 'https://github.com/532604872/nodejs-Demo/tree/master/demo-03/censorify' },
17 silly publish   keywords: [ 'censor', 'words' ],
17 silly publish   dependencies: { mocha: '1.18.2', should: '3.3.0', mongodb: '1.3.19' },
17 silly publish   author: { name: 'Brad Dayley' },
17 silly publish   license: 'ISC',
17 silly publish   readme: 'ERROR: No README data found!',
17 silly publish   _id: 'censorify@1.0.0',
17 silly publish   _shasum: '4acf589f4d02d52b7e99d9360e32f1f68a692b5b',
17 silly publish   _from: '.' }
18 verbose getPublishConfig undefined
19 silly mapToRegistry name censorify
20 silly mapToRegistry using default registry
21 silly mapToRegistry registry https://registry.npmjs.org/
22 silly mapToRegistry uri https://registry.npmjs.org/censorify
23 verbose publish registryBase https://registry.npmjs.org/
24 silly publish uploading C:\Users\maomao\AppData\Roaming\npm-cache\censorify\1.0.0\package.tgz
25 verbose request uri https://registry.npmjs.org/censorify
26 verbose request sending authorization for write operation
27 info attempt registry request try #1 at 13:51:30
28 verbose request using bearer token for auth
29 verbose request id edc8dd9e7f59992d
30 http request PUT https://registry.npmjs.org/censorify
31 http 403 https://registry.npmjs.org/censorify
32 verbose headers { 'content-type': 'application/json',
32 verbose headers   'cache-control': 'max-age=300',
32 verbose headers   'content-length': '101',
32 verbose headers   'accept-ranges': 'bytes',
32 verbose headers   date: 'Sat, 12 Mar 2016 05:51:43 GMT',
32 verbose headers   via: '1.1 varnish',
32 verbose headers   connection: 'keep-alive',
32 verbose headers   'x-served-by': 'cache-nrt6130-NRT',
32 verbose headers   'x-cache': 'MISS',
32 verbose headers   'x-cache-hits': '0',
32 verbose headers   'x-timer': 'S1457761902.994596,VS0,VE458' }
33 verbose request invalidating C:\Users\maomao\AppData\Roaming\npm-cache\registry.npmjs.org\censorify on PUT
34 error publish Failed PUT 403
35 verbose stack Error: You do not have permission to publish 'censorify'. Are you logged in as the correct user? : censorify
35 verbose stack     at makeError (D:\node\node_modules\npm\node_modules\npm-registry-client\lib\request.js:263:12)
35 verbose stack     at CachingRegistryClient.<anonymous> (D:\node\node_modules\npm\node_modules\npm-registry-client\lib\request.js:251:14)
35 verbose stack     at Request._callback (D:\node\node_modules\npm\node_modules\npm-registry-client\lib\request.js:171:14)
35 verbose stack     at Request.self.callback (D:\node\node_modules\npm\node_modules\request\request.js:198:22)
35 verbose stack     at emitTwo (events.js:87:13)
35 verbose stack     at Request.emit (events.js:172:7)
35 verbose stack     at Request.<anonymous> (D:\node\node_modules\npm\node_modules\request\request.js:1073:14)
35 verbose stack     at emitOne (events.js:82:20)
35 verbose stack     at Request.emit (events.js:169:7)
35 verbose stack     at IncomingMessage.<anonymous> (D:\node\node_modules\npm\node_modules\request\request.js:1019:12)
36 verbose statusCode 403
37 verbose pkgid censorify
38 verbose cwd C:\Users\maomao\Desktop\APMServ-v5.2.6\APMServ5.2.6\www\htdocs\nodejs\nodejs-Demo\demo-03\model-04
39 error Windows_NT 10.0.10240
40 error argv "D:\\node\\node.exe" "D:\\node\\node_modules\\npm\\bin\\npm-cli.js" "publish"
41 error node v4.1.1
42 error npm  v2.14.4
43 error code E403
44 error You do not have permission to publish 'censorify'. Are you logged in as the correct user? : censorify
45 error If you need help, you may report this error at:
45 error     <https://github.com/npm/npm/issues>
46 verbose exit [ 1, true ]
